\BOOKMARK [0][-]{chapter.1}{\376\377\000I\000n\000t\000r\000o\000d\000u\000c\000t\000i\000o\000n}{}% 1
\BOOKMARK [1][-]{section.1.1}{\376\377\000B\000a\000s\000i\000c\000\040\000u\000s\000a\000g\000e}{chapter.1}% 2
\BOOKMARK [1][-]{section.1.2}{\376\377\000S\000t\000r\000u\000c\000t\000u\000r\000e\000\040\000o\000f\000\040\000t\000h\000e\000\040\000u\000s\000e\000r\000\040\000m\000a\000n\000u\000a\000l}{chapter.1}% 3
\BOOKMARK [2][-]{subsection.1.2.1}{\376\377\000I\000n\000s\000t\000a\000l\000l\000a\000t\000i\000o\000n}{section.1.2}% 4
\BOOKMARK [2][-]{subsection.1.2.2}{\376\377\000U\000s\000e\000r\000\040\000I\000n\000t\000e\000r\000f\000a\000c\000e\000\040\000W\000a\000l\000k\000a\000r\000o\000u\000n\000d}{section.1.2}% 5
\BOOKMARK [2][-]{subsection.1.2.3}{\376\377\000S\000y\000s\000t\000e\000m\000\040\000O\000v\000e\000r\000v\000i\000e\000w}{section.1.2}% 6
\BOOKMARK [2][-]{subsection.1.2.4}{\376\377\000D\000e\000v\000e\000l\000o\000p\000e\000r}{section.1.2}% 7
\BOOKMARK [2][-]{subsection.1.2.5}{\376\377\000E\000x\000p\000a\000n\000s\000i\000o\000n}{section.1.2}% 8
\BOOKMARK [0][-]{chapter.2}{\376\377\000S\000y\000s\000t\000e\000m\000\040\000O\000v\000e\000r\000v\000i\000e\000w}{}% 9
\BOOKMARK [1][-]{section.2.1}{\376\377\000B\000a\000c\000k\000e\000n\000d\000\040\000O\000v\000e\000r\000v\000i\000e\000w}{chapter.2}% 10
\BOOKMARK [2][-]{subsection.2.1.1}{\376\377\000S\000y\000s\000t\000e\000m\000\040\000S\000t\000r\000u\000c\000t\000u\000r\000e}{section.2.1}% 11
\BOOKMARK [2][-]{subsection.2.1.2}{\376\377\000B\000a\000c\000k\000-\000e\000n\000d\000\040\000F\000u\000n\000c\000t\000i\000o\000n\000s}{section.2.1}% 12
\BOOKMARK [1][-]{section.2.2}{\376\377\000F\000r\000o\000n\000t\000e\000n\000d\000\040\000O\000v\000e\000r\000v\000i\000e\000w}{chapter.2}% 13
\BOOKMARK [2][-]{subsection.2.2.1}{\376\377\000I\000n\000t\000r\000o}{section.2.2}% 14
\BOOKMARK [2][-]{subsection.2.2.2}{\376\377\000D\000e\000s\000i\000g\000n\000e\000r}{section.2.2}% 15
\BOOKMARK [2][-]{subsection.2.2.3}{\376\377\000R\000e\000p\000o\000r\000t\000s}{section.2.2}% 16
\BOOKMARK [2][-]{subsection.2.2.4}{\376\377\000S\000t\000o\000c\000k\000T\000a\000k\000e}{section.2.2}% 17
\BOOKMARK [0][-]{chapter.3}{\376\377\000I\000n\000s\000t\000a\000l\000l\000a\000t\000i\000o\000n}{}% 18
\BOOKMARK [1][-]{section.3.1}{\376\377\000A\000u\000t\000h\000e\000n\000t\000i\000c\000a\000t\000i\000o\000n}{chapter.3}% 19
\BOOKMARK [1][-]{section.3.2}{\376\377\000B\000a\000c\000k\000e\000n\000d}{chapter.3}% 20
\BOOKMARK [2][-]{subsection.3.2.1}{\376\377\000D\000e\000p\000l\000o\000y\000m\000e\000n\000t}{section.3.2}% 21
\BOOKMARK [1][-]{section.3.3}{\376\377\000D\000a\000t\000a\000b\000a\000s\000e}{chapter.3}% 22
\BOOKMARK [2][-]{subsection.3.3.1}{\376\377\000D\000e\000p\000l\000o\000y\000m\000e\000n\000t}{section.3.3}% 23
\BOOKMARK [1][-]{section.3.4}{\376\377\000F\000r\000o\000n\000t\000e\000n\000d}{chapter.3}% 24
\BOOKMARK [2][-]{subsection.3.4.1}{\376\377\000D\000e\000p\000l\000o\000y\000m\000e\000n\000t}{section.3.4}% 25
\BOOKMARK [2][-]{subsection.3.4.2}{\376\377\000G\000i\000t\000\040\000R\000e\000p\000o\000s\000i\000t\000o\000r\000y}{section.3.4}% 26
\BOOKMARK [2][-]{subsection.3.4.3}{\376\377\000C\000o\000m\000m\000a\000n\000d\000\040\000l\000i\000n\000e}{section.3.4}% 27
\BOOKMARK [0][-]{chapter.4}{\376\377\000U\000s\000e\000r\000\040\000I\000n\000t\000e\000r\000f\000a\000c\000e\000\040\000W\000a\000l\000k\000a\000r\000o\000u\000n\000d}{}% 28
\BOOKMARK [1][-]{section.4.1}{\376\377\000O\000v\000e\000r\000v\000i\000e\000w}{chapter.4}% 29
\BOOKMARK [2][-]{subsection.4.1.1}{\376\377\000L\000o\000g\000i\000n}{section.4.1}% 30
\BOOKMARK [2][-]{subsection.4.1.2}{\376\377\000S\000i\000g\000n\000\040\000i\000n\000\040\000p\000a\000g\000e}{section.4.1}% 31
\BOOKMARK [2][-]{subsection.4.1.3}{\376\377\000S\000i\000d\000e\000\040\000B\000a\000r}{section.4.1}% 32
\BOOKMARK [2][-]{subsection.4.1.4}{\376\377\000S\000i\000g\000n\000i\000n\000g\000\040\000O\000u\000t}{section.4.1}% 33
\BOOKMARK [1][-]{section.4.2}{\376\377\000R\000e\000p\000o\000r\000t\000s}{chapter.4}% 34
\BOOKMARK [2][-]{subsection.4.2.1}{\376\377\000W\000h\000a\000t\000\040\000y\000o\000u\000\040\000c\000a\000n\000\040\000d\000o}{section.4.2}% 35
\BOOKMARK [1][-]{section.4.3}{\376\377\000S\000t\000o\000c\000k\000\040\000T\000a\000k\000i\000n\000g}{chapter.4}% 36
\BOOKMARK [2][-]{subsection.4.3.1}{\376\377\000O\000v\000e\000r\000v\000i\000e\000w}{section.4.3}% 37
\BOOKMARK [2][-]{subsection.4.3.2}{\376\377\000N\000a\000v\000i\000g\000a\000t\000i\000n\000g\000\040\000t\000h\000e\000\040\000w\000a\000r\000e\000h\000o\000u\000s\000e}{section.4.3}% 38
\BOOKMARK [2][-]{subsection.4.3.3}{\376\377\000S\000e\000l\000e\000c\000t\000i\000n\000g\000\040\000t\000r\000a\000y\000s}{section.4.3}% 39
\BOOKMARK [2][-]{subsection.4.3.4}{\376\377\000S\000w\000a\000p\000p\000i\000n\000g\000\040\000t\000w\000o\000\040\000t\000r\000a\000y\000s\000\040\000w\000i\000t\000h\000i\000n\000\040\000a\000\040\000b\000a\000y}{section.4.3}% 40
\BOOKMARK [2][-]{subsection.4.3.5}{\376\377\000M\000o\000d\000i\000f\000y\000i\000n\000g\000\040\000c\000o\000n\000t\000e\000n\000t\000s\000\040\000o\000f\000\040\000s\000e\000l\000e\000c\000t\000e\000d\000\040\000t\000r\000a\000y\000s}{section.4.3}% 41
\BOOKMARK [2][-]{subsection.4.3.6}{\376\377\000M\000o\000d\000i\000f\000y\000i\000n\000g\000\040\000e\000x\000p\000i\000r\000y\000\040\000d\000a\000t\000e\000\040\000o\000f\000\040\000s\000e\000l\000e\000c\000t\000e\000d\000\040\000t\000r\000a\000y\000s}{section.4.3}% 42
\BOOKMARK [2][-]{subsection.4.3.7}{\376\377\000M\000o\000d\000i\000f\000y\000i\000n\000g\000\040\000W\000e\000i\000g\000h\000t\000\040\000o\000f\000\040\000s\000e\000l\000e\000c\000t\000e\000d\000\040\000t\000r\000a\000y\000s}{section.4.3}% 43
\BOOKMARK [2][-]{subsection.4.3.8}{\376\377\000U\000n\000d\000o\000/\000R\000e\000d\000o}{section.4.3}% 44
\BOOKMARK [1][-]{section.4.4}{\376\377\000W\000a\000r\000e\000h\000o\000u\000s\000e\000\040\000M\000a\000n\000a\000g\000e\000r}{chapter.4}% 45
\BOOKMARK [2][-]{subsection.4.4.1}{\376\377\000O\000v\000e\000r\000v\000i\000e\000w}{section.4.4}% 46
\BOOKMARK [2][-]{subsection.4.4.2}{\376\377\000A\000c\000t\000i\000o\000n\000s\000\040\000t\000o\000\040\000P\000e\000r\000f\000o\000r\000m}{section.4.4}% 47
\BOOKMARK [0][-]{chapter.5}{\376\377\000E\000x\000p\000a\000n\000s\000i\000o\000n}{}% 48
\BOOKMARK [1][-]{section.5.1}{\376\377\000A\000P\000I\000\040\000E\000x\000p\000a\000n\000s\000i\000o\000n}{chapter.5}% 49
\BOOKMARK [2][-]{subsection.5.1.1}{\376\377\000W\000r\000i\000t\000i\000n\000g\000\040\000B\000a\000c\000k\000-\000e\000n\000d\000\040\000F\000u\000n\000c\000t\000i\000o\000n\000s}{section.5.1}% 50
\BOOKMARK [2][-]{subsection.5.1.2}{\376\377\000R\000o\000u\000t\000i\000n\000g\000\040\000R\000e\000q\000u\000e\000s\000t\000s}{section.5.1}% 51
\BOOKMARK [2][-]{subsection.5.1.3}{\376\377\000M\000a\000k\000i\000n\000g\000\040\000R\000e\000q\000u\000e\000s\000t\000s}{section.5.1}% 52
\BOOKMARK [2][-]{subsection.5.1.4}{\376\377\000R\000e\000c\000o\000m\000p\000i\000l\000i\000n\000g}{section.5.1}% 53
\BOOKMARK [2][-]{subsection.5.1.5}{\376\377\000A\000d\000d\000i\000t\000i\000o\000n\000a\000l\000\040\000I\000n\000f\000o\000r\000m\000a\000t\000i\000o\000n}{section.5.1}% 54
\BOOKMARK [1][-]{section.5.2}{\376\377\000A\000u\000t\000h\000e\000n\000t\000i\000c\000a\000t\000i\000o\000n\000\040\000E\000x\000p\000a\000n\000s\000i\000o\000n}{chapter.5}% 55
\BOOKMARK [2][-]{subsection.5.2.1}{\376\377\000A\000d\000d\000i\000n\000g\000\040\000a\000n\000d\000\040\000r\000e\000m\000o\000v\000i\000n\000g\000\040\000u\000s\000e\000r\000s}{section.5.2}% 56
\BOOKMARK [2][-]{subsection.5.2.2}{\376\377\000A\000l\000l\000o\000w\000i\000n\000g\000\040\000s\000o\000c\000i\000a\000l\000\040\000i\000n\000t\000e\000g\000r\000a\000t\000i\000o\000n}{section.5.2}% 57
\BOOKMARK [2][-]{subsection.5.2.3}{\376\377\000C\000u\000s\000t\000o\000m\000i\000s\000i\000n\000g\000\040\000t\000h\000e\000\040\000l\000o\000g\000i\000n\000\040\000p\000a\000g\000e}{section.5.2}% 58
\BOOKMARK [1][-]{section.5.3}{\376\377\000B\000a\000c\000k\000u\000p\000s}{chapter.5}% 59
\BOOKMARK [2][-]{subsection.5.3.1}{\376\377\000S\000e\000t\000u\000p}{section.5.3}% 60
\BOOKMARK [1][-]{section.5.4}{\376\377\000D\000a\000t\000a\000b\000a\000s\000e\000\040\000E\000x\000p\000a\000n\000s\000i\000o\000n}{chapter.5}% 61
\BOOKMARK [0][-]{chapter.6}{\376\377\000D\000e\000v\000e\000l\000o\000p\000e\000r}{}% 62
\BOOKMARK [1][-]{section.6.1}{\376\377\000T\000r\000a\000y\000\040\000f\000u\000n\000c\000t\000i\000o\000n\000s}{chapter.6}% 63
\BOOKMARK [2][-]{subsection.6.1.1}{\376\377\000a\000d\000d\000T\000r\000a\000y}{section.6.1}% 64
\BOOKMARK [2][-]{subsection.6.1.2}{\376\377\000r\000e\000m\000o\000v\000e\000T\000r\000a\000y}{section.6.1}% 65
\BOOKMARK [2][-]{subsection.6.1.3}{\376\377\000s\000w\000i\000t\000c\000h\000T\000r\000a\000y}{section.6.1}% 66
\BOOKMARK [2][-]{subsection.6.1.4}{\376\377\000e\000d\000i\000t\000T\000r\000a\000y}{section.6.1}% 67
\BOOKMARK [2][-]{subsection.6.1.5}{\376\377\000m\000o\000v\000e\000T\000r\000a\000y}{section.6.1}% 68
\BOOKMARK [2][-]{subsection.6.1.6}{\376\377\000n\000e\000x\000t\000E\000x\000p\000i\000r\000i\000n\000g}{section.6.1}% 69
\BOOKMARK [2][-]{subsection.6.1.7}{\376\377\000g\000e\000t\000A\000l\000l\000C\000a\000t\000e\000g\000o\000r\000y}{section.6.1}% 70
\BOOKMARK [2][-]{subsection.6.1.8}{\376\377\000a\000d\000d\000T\000r\000a\000y\000M\000a\000n\000y}{section.6.1}% 71
\BOOKMARK [2][-]{subsection.6.1.9}{\376\377\000e\000d\000i\000t\000T\000r\000a\000y\000M\000a\000n\000y}{section.6.1}% 72
\BOOKMARK [2][-]{subsection.6.1.10}{\376\377\000r\000e\000m\000o\000v\000e\000T\000r\000a\000y\000M\000a\000n\000y}{section.6.1}% 73
\BOOKMARK [1][-]{section.6.2}{\376\377\000B\000a\000y\000\040\000f\000u\000n\000c\000t\000i\000o\000n\000s}{chapter.6}% 74
\BOOKMARK [2][-]{subsection.6.2.1}{\376\377\000a\000d\000d\000B\000a\000y}{section.6.2}% 75
\BOOKMARK [2][-]{subsection.6.2.2}{\376\377\000r\000e\000m\000o\000v\000e\000B\000a\000y}{section.6.2}% 76
\BOOKMARK [2][-]{subsection.6.2.3}{\376\377\000e\000d\000i\000t\000B\000a\000y}{section.6.2}% 77
\BOOKMARK [2][-]{subsection.6.2.4}{\376\377\000g\000e\000t\000T\000r\000a\000y\000s\000I\000n\000B\000a\000y}{section.6.2}% 78
\BOOKMARK [1][-]{section.6.3}{\376\377\000Z\000o\000n\000e\000\040\000f\000u\000n\000c\000t\000i\000o\000n\000s}{chapter.6}% 79
\BOOKMARK [2][-]{subsection.6.3.1}{\376\377\000a\000d\000d\000Z\000o\000n\000e}{section.6.3}% 80
\BOOKMARK [2][-]{subsection.6.3.2}{\376\377\000e\000d\000i\000t\000Z\000o\000n\000e}{section.6.3}% 81
\BOOKMARK [2][-]{subsection.6.3.3}{\376\377\000g\000e\000t\000B\000a\000y\000s\000i\000n\000Z\000o\000n\000e}{section.6.3}% 82
\BOOKMARK [2][-]{subsection.6.3.4}{\376\377\000g\000e\000t\000Z\000o\000n\000e\000s}{section.6.3}% 83
\BOOKMARK [2][-]{subsection.6.3.5}{\376\377\000r\000e\000m\000o\000v\000e\000Z\000o\000n\000e}{section.6.3}% 84
